<?xml version="1.0" encoding="UTF-8"?>
<!-- Generated by org.testng.reporters.JUnitReportReporter -->
<testsuite hostname="bharath" failures="0" tests="13" name="MyRunner.TestRunner" time="151.710" errors="0" timestamp="2021-10-12T13:10:53 IST" skipped="0">
  <testcase classname="MyRunner.TestRunner" name="runScenario" time="6.420"/>
  <system-out/>
  <testcase classname="MyRunner.TestRunner" name="runScenario" time="10.471"/>
  <system-out/>
  <testcase classname="MyRunner.TestRunner" name="runScenario" time="12.560"/>
  <system-out/>
  <testcase classname="MyRunner.TestRunner" name="runScenario" time="6.437"/>
  <system-out/>
  <testcase classname="MyRunner.TestRunner" name="runScenario" time="12.130"/>
  <system-out/>
  <testcase classname="MyRunner.TestRunner" name="runScenario" time="12.353"/>
  <system-out/>
  <testcase classname="MyRunner.TestRunner" name="runScenario" time="11.876"/>
  <system-out/>
  <testcase classname="MyRunner.TestRunner" name="runScenario" time="13.071"/>
  <system-out/>
  <testcase classname="MyRunner.TestRunner" name="runScenario" time="6.827"/>
  <system-out/>
  <testcase classname="MyRunner.TestRunner" name="runScenario" time="12.369"/>
  <system-out/>
  <testcase classname="MyRunner.TestRunner" name="runScenario" time="6.911"/>
  <system-out/>
  <testcase classname="MyRunner.TestRunner" name="runScenario" time="6.526"/>
  <system-out/>
  <testcase classname="MyRunner.TestRunner" name="runScenario" time="33.759"/>
  <system-out/>
</testsuite> <!-- MyRunner.TestRunner -->
