<?xml version="1.0" encoding="UTF-8"?>
<!-- Generated by org.testng.reporters.JUnitReportReporter -->
<testsuite hostname="bharath" failures="0" tests="13" name="MyRunner.TestRunner" time="137.939" errors="0" timestamp="2021-10-13T16:38:58 IST" skipped="0">
  <testcase classname="MyRunner.TestRunner" name="runScenario" time="5.267"/>
  <system-out/>
  <testcase classname="MyRunner.TestRunner" name="runScenario" time="14.029"/>
  <system-out/>
  <testcase classname="MyRunner.TestRunner" name="runScenario" time="5.166"/>
  <system-out/>
  <testcase classname="MyRunner.TestRunner" name="runScenario" time="30.549"/>
  <system-out/>
  <testcase classname="MyRunner.TestRunner" name="runScenario" time="11.234"/>
  <system-out/>
  <testcase classname="MyRunner.TestRunner" name="runScenario" time="8.481"/>
  <system-out/>
  <testcase classname="MyRunner.TestRunner" name="runScenario" time="11.359"/>
  <system-out/>
  <testcase classname="MyRunner.TestRunner" name="runScenario" time="11.065"/>
  <system-out/>
  <testcase classname="MyRunner.TestRunner" name="runScenario" time="7.202"/>
  <system-out/>
  <testcase classname="MyRunner.TestRunner" name="runScenario" time="4.891"/>
  <system-out/>
  <testcase classname="MyRunner.TestRunner" name="runScenario" time="5.579"/>
  <system-out/>
  <testcase classname="MyRunner.TestRunner" name="runScenario" time="12.530"/>
  <system-out/>
  <testcase classname="MyRunner.TestRunner" name="runScenario" time="10.587"/>
  <system-out/>
</testsuite> <!-- MyRunner.TestRunner -->
